SERVER_HANDSHAKE_TRAFFIC_SECRET 1297092c9e6661d5928173f46faafc9f54e740661e4df4a3505769893a5347c3 1bfd6c489cd8f0cddedd1e55b6ffcc52c4663387fd3900bc8f2a26531760fffe
EXPORTER_SECRET 1297092c9e6661d5928173f46faafc9f54e740661e4df4a3505769893a5347c3 fe1be559c820a7375e7876496a4dd8376e735f07a562155db4d849aa141c5ec7
SERVER_TRAFFIC_SECRET_0 1297092c9e6661d5928173f46faafc9f54e740661e4df4a3505769893a5347c3 1f6400baaac5829ee41f7a301cb8eaa20408c585e8e53e763887ba06d81cf092
CLIENT_HANDSHAKE_TRAFFIC_SECRET 1297092c9e6661d5928173f46faafc9f54e740661e4df4a3505769893a5347c3 3e4b7d9261c112becb033256b4e7b240879954acc2b293643aa2f15b0c552f51
CLIENT_TRAFFIC_SECRET_0 1297092c9e6661d5928173f46faafc9f54e740661e4df4a3505769893a5347c3 36900149f9dd8b6210dc496ae972e020eda0a2a19f36a892dc24bc2ad5646521
SERVER_HANDSHAKE_TRAFFIC_SECRET 706731fe77380d01e55fa0e50a37263e48af59c0772def66f879115ffe002d95 6cf5ae2577541c808a9a41d3db181151dc46458b167b570cfb60e9af391173e9
EXPORTER_SECRET 706731fe77380d01e55fa0e50a37263e48af59c0772def66f879115ffe002d95 c435904e0043a79542a9d419be15422f5c002af0a893f7454da72e67bbd064b2
SERVER_TRAFFIC_SECRET_0 706731fe77380d01e55fa0e50a37263e48af59c0772def66f879115ffe002d95 59040457bf9e6da6a332a11b3b0d1c2dc639ad94d76a0fe7840c5a7c8ba112a8
CLIENT_HANDSHAKE_TRAFFIC_SECRET 706731fe77380d01e55fa0e50a37263e48af59c0772def66f879115ffe002d95 fb139875edc7e51d6146e5f7995ef21b281119684cd108a04dce6d615f7ac75e
CLIENT_TRAFFIC_SECRET_0 706731fe77380d01e55fa0e50a37263e48af59c0772def66f879115ffe002d95 74b164429c4749f76981e9aa97af123f6220dca35d64e55837b2de847bc753da
SERVER_HANDSHAKE_TRAFFIC_SECRET 2aa96cf1f6cfe98e3493aa06f66ba0ad17b64dc42baee4f37e38ab67bd74b7ec 66969dd4c8168f975e7324aa27101ab79b7ca810d5e8ad64c37d28a79a7b7767
EXPORTER_SECRET 2aa96cf1f6cfe98e3493aa06f66ba0ad17b64dc42baee4f37e38ab67bd74b7ec 8d16b3a028b6b99136bf780f5719bad210b544573e0fe76ba1ca70029be9f47c
SERVER_TRAFFIC_SECRET_0 2aa96cf1f6cfe98e3493aa06f66ba0ad17b64dc42baee4f37e38ab67bd74b7ec 58c2e84f395c3bdfb5255cdf363780c32c4f856a3cb2850c6de72e1a4386fe53
CLIENT_HANDSHAKE_TRAFFIC_SECRET 2aa96cf1f6cfe98e3493aa06f66ba0ad17b64dc42baee4f37e38ab67bd74b7ec dc8ba20ae55a772f498719aadbcd3830d1ad850a4ce4134fbcb3f23d32901c08
CLIENT_TRAFFIC_SECRET_0 2aa96cf1f6cfe98e3493aa06f66ba0ad17b64dc42baee4f37e38ab67bd74b7ec 3ce234f51add497978317483295a572b7b9f2ede0969eb2a57c4ef9b09575ea7
SERVER_HANDSHAKE_TRAFFIC_SECRET f1a9cee17305b4602181380eceeaf764aa0bbef96a8e50bcb6a9f5c208d80ca7 4320520c52fc9e6b4bf451880d9cd86d27c14bdaa902bfdbdb4fe6e10e1aa5e1
EXPORTER_SECRET f1a9cee17305b4602181380eceeaf764aa0bbef96a8e50bcb6a9f5c208d80ca7 f46ad39384167c9ddb2ce6e99bc787fccfe7b01373c58993e10bb0c9b997b7c0
SERVER_TRAFFIC_SECRET_0 f1a9cee17305b4602181380eceeaf764aa0bbef96a8e50bcb6a9f5c208d80ca7 e5803ecca52791be605fff3273977960963a9a8da3a99980323cdd7f3117ec76
CLIENT_HANDSHAKE_TRAFFIC_SECRET f1a9cee17305b4602181380eceeaf764aa0bbef96a8e50bcb6a9f5c208d80ca7 328c6d1ea10d916c4334ec960133a270da1902f1c013a673c23c5b23cb1e3425
CLIENT_TRAFFIC_SECRET_0 f1a9cee17305b4602181380eceeaf764aa0bbef96a8e50bcb6a9f5c208d80ca7 153b81b203cf019afff8904b3def85261b2b778f032bc6fc765a09ae1662202c
SERVER_HANDSHAKE_TRAFFIC_SECRET 92cb9112219f42e6c84122ab0e3246e144edac6935adea2e576880cfef68e133 596493e76b275150e12b3416480892e9ee0fb2ce2bb0cc34be4c50fc3af26abe
EXPORTER_SECRET 92cb9112219f42e6c84122ab0e3246e144edac6935adea2e576880cfef68e133 8f8027a37193140b66c366e8dffa58e1a150bb9e3b558b7b9ed58a63686fdfb2
SERVER_TRAFFIC_SECRET_0 92cb9112219f42e6c84122ab0e3246e144edac6935adea2e576880cfef68e133 3916d9ccdd0270ffcacd8cc7458adfa9386082c8ee87da1d74031892e0df885c
CLIENT_HANDSHAKE_TRAFFIC_SECRET 92cb9112219f42e6c84122ab0e3246e144edac6935adea2e576880cfef68e133 89b85d75d4ac0f8939c32d2dbc650e64d01ce3058a9e6d2433c72a53edb64f63
CLIENT_TRAFFIC_SECRET_0 92cb9112219f42e6c84122ab0e3246e144edac6935adea2e576880cfef68e133 b0ef1a7b81d5b626446e62aef65be29f8b710cf0211c5443d6696228f768499f
SERVER_HANDSHAKE_TRAFFIC_SECRET d203b40d5347c58264bb09dfa0507f0d3c935c7cccd4ff994bf81fdab9608cd8 487326ccfddcf5b90872e8013a112f931acfd333915bb018c59fe4ad6f23ae32
EXPORTER_SECRET d203b40d5347c58264bb09dfa0507f0d3c935c7cccd4ff994bf81fdab9608cd8 e7be982dc14b92541777de02733180c792f047f349d9a1b0174b59f3b15306b1
SERVER_TRAFFIC_SECRET_0 d203b40d5347c58264bb09dfa0507f0d3c935c7cccd4ff994bf81fdab9608cd8 658ea044bc1919feb3c9320950c6fa8de6a6ee2b22a0d996875f5b958cffa008
CLIENT_HANDSHAKE_TRAFFIC_SECRET d203b40d5347c58264bb09dfa0507f0d3c935c7cccd4ff994bf81fdab9608cd8 f3ec13b8528be59558f9ad95038f2fa827e612d088dec5dabe9f8a06f6d8e314
CLIENT_TRAFFIC_SECRET_0 d203b40d5347c58264bb09dfa0507f0d3c935c7cccd4ff994bf81fdab9608cd8 d4a7b87017ba63979f9c1ee5a3d0d67b49664f135fb45abfc6aca9f019b75a7d
SERVER_HANDSHAKE_TRAFFIC_SECRET cf421486b894099626c7f4cd622babc5e8e390eec4cde8739dde2bed8acb6cef f11d1c7da737fb61d30a38ec924babd1612711547a0a4894f932ff02d658b1a5
EXPORTER_SECRET cf421486b894099626c7f4cd622babc5e8e390eec4cde8739dde2bed8acb6cef 4e040d58c0bd175569cb592cabff559ae3422f0b7511fbd1d424c25ea2ef3208
SERVER_TRAFFIC_SECRET_0 cf421486b894099626c7f4cd622babc5e8e390eec4cde8739dde2bed8acb6cef 9612a6f5f672fcfd44ca328c0f2dd191b7b9aed6493b240bda4aae8f398d3a5b
CLIENT_HANDSHAKE_TRAFFIC_SECRET cf421486b894099626c7f4cd622babc5e8e390eec4cde8739dde2bed8acb6cef 82337e2366c149d975461d5742ee4ace6b7e67b0f7937b58e5e6a1502761ef82
CLIENT_TRAFFIC_SECRET_0 cf421486b894099626c7f4cd622babc5e8e390eec4cde8739dde2bed8acb6cef 72d2ccd0f6d4f71561b657b5d5dd51319b98f6c44c5e29c250f1558a3482c436
